Arguments: 
  /Users/harjukallio/.asdf/installs/nodejs/12.13.1/bin/node /usr/local/Cellar/yarn/1.22.10/libexec/bin/yarn.js install

PATH: 
  /Users/harjukallio/.asdf/installs/nodejs/12.13.1/bin:/Users/harjukallio/.asdf/installs/nodejs/12.13.1/.npm/bin:/Users/harjukallio/.asdf/shims:/usr/local/opt/asdf/bin:/Users/harjukallio/.jenv/shims:/Users/harjukallio/.jenv/bin:/Users/harjukallio/.cargo/bin:/usr/local/bin:/usr/bin:/bin:/usr/sbin:/sbin

Yarn version: 
  1.22.10

Node version: 
  12.13.1

Platform: 
  darwin x64

Trace: 
  SyntaxError: /Users/harjukallio/Sites/microservices/users/authenticator/package.json: Unexpected token } in JSON at position 788
      at JSON.parse (<anonymous>)
      at /usr/local/Cellar/yarn/1.22.10/libexec/lib/cli.js:1625:59
      at Generator.next (<anonymous>)
      at step (/usr/local/Cellar/yarn/1.22.10/libexec/lib/cli.js:310:30)
      at /usr/local/Cellar/yarn/1.22.10/libexec/lib/cli.js:321:13

npm manifest: 
  {
    "name": "authenticator",
    "version": "1.0.0",
    "main": "index.js",
    "license": "MIT",
    "scripts": {
      "initt": "tsc --init --declaration --allowSyntheticDefaultImports --target esnext --outDir lib",
      "type-check": "tsc --noEmit",
      "type-check:watch": "npm run type-check -- --watch",
      "build": "npm run build:types && npm run build:js",
      "build:types": "tsc --emitDeclarationOnly",
      "build:js": "babel src --out-dir lib --extensions \".ts,.tsx\" --source-maps inline",
      "start": "nodemon src/index.ts"
    },
    "devDependencies": {
      "nodemon": "^2.0.6",
      "ts-node": "^9.0.0",
      "typescript": "^4.1.2"
    },
    "dependencies": {
      "@types/body-parser": "^1.19.0",
      "@types/express": "^4.17.9",
      "body-parser": "^1.19.0",
      "express": "^4.17.1",
    }
  }

yarn manifest: 
  No manifest

Lockfile: 
  No lockfile
